<?xml version="1.0" encoding="UTF-8"?>
<coverage generated="1774304017717" clover="3.2.0">
  <project timestamp="1774304017717" name="All files">
    <metrics statements="102" coveredstatements="101" conditionals="74" coveredconditionals="62" methods="20" coveredmethods="20" elements="196" coveredelements="183" complexity="0" loc="102" ncloc="102" packages="2" files="2" classes="2"/>
    <package name="middleware">
      <metrics statements="57" coveredstatements="56" conditionals="48" coveredconditionals="40" methods="9" coveredmethods="9"/>
      <file name="error-handler.js" path="/Users/bene/drips/SoroMint/server/middleware/error-handler.js">
        <metrics statements="57" coveredstatements="56" conditionals="48" coveredconditionals="40" methods="9" coveredmethods="9"/>
        <line num="11" count="1" type="stmt"/>
        <line num="22" count="31" type="stmt"/>
        <line num="23" count="31" type="stmt"/>
        <line num="24" count="31" type="stmt"/>
        <line num="25" count="31" type="stmt"/>
        <line num="26" count="31" type="stmt"/>
        <line num="37" count="1" type="stmt"/>
        <line num="38" count="27" type="cond" truecount="2" falsecount="0"/>
        <line num="40" count="27" type="cond" truecount="4" falsecount="0"/>
        <line num="42" count="27" type="stmt"/>
        <line num="48" count="27" type="cond" truecount="1" falsecount="1"/>
        <line num="49" count="27" type="stmt"/>
        <line num="53" count="27" type="cond" truecount="4" falsecount="0"/>
        <line num="54" count="25" type="stmt"/>
        <line num="57" count="27" type="stmt"/>
        <line num="67" count="1" type="stmt"/>
        <line num="68" count="27" type="stmt"/>
        <line num="79" count="27" type="cond" truecount="1" falsecount="1"/>
        <line num="80" count="27" type="stmt"/>
        <line num="84" count="27" type="cond" truecount="2" falsecount="0"/>
        <line num="85" count="4" type="stmt"/>
        <line num="86" count="23" type="cond" truecount="1" falsecount="1"/>
        <line num="87" count="23" type="stmt"/>
        <line num="89" count="0" type="stmt"/>
        <line num="99" count="1" type="stmt"/>
        <line num="101" count="27" type="cond" truecount="2" falsecount="0"/>
        <line num="102" count="2" type="stmt"/>
        <line num="103" count="1" type="stmt"/>
        <line num="107" count="26" type="cond" truecount="2" falsecount="0"/>
        <line num="108" count="1" type="stmt"/>
        <line num="112" count="25" type="cond" truecount="2" falsecount="0"/>
        <line num="113" count="1" type="stmt"/>
        <line num="114" count="1" type="stmt"/>
        <line num="118" count="24" type="cond" truecount="2" falsecount="0"/>
        <line num="119" count="1" type="stmt"/>
        <line num="123" count="23" type="cond" truecount="2" falsecount="0"/>
        <line num="124" count="1" type="stmt"/>
        <line num="127" count="22" type="cond" truecount="2" falsecount="0"/>
        <line num="128" count="1" type="stmt"/>
        <line num="132" count="21" type="cond" truecount="2" falsecount="0"/>
        <line num="133" count="1" type="stmt"/>
        <line num="136" count="20" type="stmt"/>
        <line num="146" count="1" type="stmt"/>
        <line num="147" count="3" type="stmt"/>
        <line num="152" count="3" type="stmt"/>
        <line num="164" count="1" type="stmt"/>
        <line num="165" count="27" type="stmt"/>
        <line num="168" count="27" type="stmt"/>
        <line num="171" count="27" type="cond" truecount="4" falsecount="0"/>
        <line num="172" count="3" type="stmt"/>
        <line num="180" count="27" type="stmt"/>
        <line num="183" count="27" type="cond" truecount="1" falsecount="1"/>
        <line num="184" count="27" type="stmt"/>
        <line num="186" count="27" type="stmt"/>
        <line num="200" count="6" type="stmt"/>
        <line num="201" count="6" type="stmt"/>
        <line num="204" count="1" type="stmt"/>
      </file>
    </package>
    <package name="utils">
      <metrics statements="45" coveredstatements="45" conditionals="26" coveredconditionals="22" methods="11" coveredmethods="11"/>
      <file name="logger.js" path="/Users/bene/drips/SoroMint/server/utils/logger.js">
        <metrics statements="45" coveredstatements="45" conditionals="26" coveredconditionals="22" methods="11" coveredmethods="11"/>
        <line num="10" count="2" type="stmt"/>
        <line num="11" count="2" type="stmt"/>
        <line num="12" count="2" type="stmt"/>
        <line num="13" count="2" type="stmt"/>
        <line num="24" count="2" type="stmt"/>
        <line num="36" count="2" type="stmt"/>
        <line num="41" count="27" type="cond" truecount="1" falsecount="1"/>
        <line num="42" count="27" type="stmt"/>
        <line num="45" count="27" type="stmt"/>
        <line num="46" count="216" type="cond" truecount="3" falsecount="0"/>
        <line num="49" count="27" type="cond" truecount="1" falsecount="1"/>
        <line num="50" count="216" type="stmt"/>
        <line num="51" count="27" type="stmt"/>
        <line num="54" count="27" type="stmt"/>
        <line num="64" count="2" type="stmt"/>
        <line num="78" count="2" type="stmt"/>
        <line num="99" count="2" type="stmt"/>
        <line num="100" count="15" type="stmt"/>
        <line num="116" count="2" type="stmt"/>
        <line num="118" count="10" type="cond" truecount="2" falsecount="0"/>
        <line num="121" count="10" type="stmt"/>
        <line num="123" count="10" type="stmt"/>
        <line num="136" count="2" type="stmt"/>
        <line num="137" count="20" type="stmt"/>
        <line num="138" count="20" type="stmt"/>
        <line num="141" count="20" type="stmt"/>
        <line num="142" count="20" type="stmt"/>
        <line num="143" count="20" type="stmt"/>
        <line num="154" count="20" type="cond" truecount="2" falsecount="0"/>
        <line num="155" count="3" type="stmt"/>
        <line num="156" count="17" type="cond" truecount="2" falsecount="0"/>
        <line num="157" count="3" type="stmt"/>
        <line num="159" count="14" type="stmt"/>
        <line num="163" count="20" type="stmt"/>
        <line num="174" count="2" type="stmt"/>
        <line num="175" count="5" type="stmt"/>
        <line num="190" count="2" type="stmt"/>
        <line num="191" count="3" type="stmt"/>
        <line num="205" count="2" type="cond" truecount="1" falsecount="0"/>
        <line num="206" count="7" type="cond" truecount="2" falsecount="0"/>
        <line num="207" count="2" type="stmt"/>
        <line num="211" count="5" type="stmt"/>
        <line num="226" count="2" type="stmt"/>
        <line num="227" count="5" type="stmt"/>
        <line num="233" count="2" type="stmt"/>
<coverage generated="1774303294494" clover="3.2.0">
  <project timestamp="1774303294495" name="All files">
    <metrics statements="183" coveredstatements="179" conditionals="120" coveredconditionals="107" methods="26" coveredmethods="26" elements="329" coveredelements="312" complexity="0" loc="183" ncloc="183" packages="3" files="4" classes="4"/>
    <package name="middleware">
      <metrics statements="118" coveredstatements="114" conditionals="83" coveredconditionals="73" methods="17" coveredmethods="17"/>
      <file name="auth.js" path="/Users/bene/drips/SoroMint/server/middleware/auth.js">
        <metrics statements="66" coveredstatements="62" conditionals="39" coveredconditionals="34" methods="8" coveredmethods="8"/>
        <line num="1" count="2" type="stmt"/>
        <line num="2" count="2" type="stmt"/>
        <line num="3" count="2" type="stmt"/>
        <line num="18" count="2" type="stmt"/>
        <line num="19" count="46" type="stmt"/>
        <line num="21" count="46" type="cond" truecount="4" falsecount="0"/>
        <line num="22" count="11" type="stmt"/>
        <line num="25" count="35" type="stmt"/>
        <line num="38" count="2" type="stmt"/>
        <line num="39" count="34" type="stmt"/>
        <line num="41" count="34" type="stmt"/>
        <line num="43" count="34" type="cond" truecount="2" falsecount="0"/>
        <line num="44" count="6" type="stmt"/>
        <line num="48" count="28" type="stmt"/>
        <line num="51" count="23" type="stmt"/>
        <line num="53" count="23" type="cond" truecount="2" falsecount="0"/>
        <line num="54" count="4" type="stmt"/>
        <line num="58" count="19" type="cond" truecount="2" falsecount="0"/>
        <line num="59" count="2" type="stmt"/>
        <line num="63" count="17" type="stmt"/>
        <line num="64" count="17" type="stmt"/>
        <line num="66" count="17" type="stmt"/>
        <line num="69" count="17" type="cond" truecount="2" falsecount="0"/>
        <line num="70" count="2" type="stmt"/>
        <line num="73" count="15" type="cond" truecount="2" falsecount="0"/>
        <line num="74" count="3" type="stmt"/>
        <line num="77" count="12" type="cond" truecount="1" falsecount="1"/>
        <line num="78" count="0" type="stmt"/>
        <line num="82" count="12" type="cond" truecount="1" falsecount="1"/>
        <line num="83" count="12" type="stmt"/>
        <line num="87" count="0" type="stmt"/>
        <line num="99" count="2" type="stmt"/>
        <line num="100" count="7" type="stmt"/>
        <line num="101" count="7" type="stmt"/>
        <line num="103" count="7" type="cond" truecount="2" falsecount="0"/>
        <line num="105" count="2" type="stmt"/>
        <line num="108" count="5" type="stmt"/>
        <line num="109" count="4" type="stmt"/>
        <line num="111" count="4" type="cond" truecount="4" falsecount="0"/>
        <line num="112" count="2" type="stmt"/>
        <line num="113" count="2" type="stmt"/>
        <line num="119" count="1" type="cond" truecount="1" falsecount="1"/>
        <line num="120" count="1" type="stmt"/>
        <line num="124" count="5" type="stmt"/>
        <line num="134" count="2" type="stmt"/>
        <line num="135" count="5" type="stmt"/>
        <line num="136" count="5" type="cond" truecount="2" falsecount="0"/>
        <line num="137" count="1" type="stmt"/>
        <line num="142" count="4" type="cond" truecount="3" falsecount="1"/>
        <line num="143" count="0" type="stmt"/>
        <line num="146" count="4" type="stmt"/>
        <line num="157" count="2" type="cond" truecount="1" falsecount="0"/>
        <line num="158" count="36" type="cond" truecount="2" falsecount="0"/>
        <line num="159" count="1" type="stmt"/>
        <line num="162" count="35" type="stmt"/>
        <line num="169" count="35" type="stmt"/>
        <line num="175" count="35" type="stmt"/>
        <line num="184" count="2" type="stmt"/>
        <line num="185" count="4" type="stmt"/>
        <line num="186" count="4" type="stmt"/>
        <line num="188" count="0" type="stmt"/>
        <line num="198" count="2" type="stmt"/>
        <line num="199" count="4" type="cond" truecount="2" falsecount="0"/>
        <line num="200" count="1" type="stmt"/>
        <line num="203" count="3" type="stmt"/>
        <line num="206" count="2" type="stmt"/>
      </file>
      <file name="error-handler.js" path="/Users/bene/drips/SoroMint/server/middleware/error-handler.js">
        <metrics statements="52" coveredstatements="52" conditionals="44" coveredconditionals="39" methods="9" coveredmethods="9"/>
        <line num="20" count="64" type="stmt"/>
        <line num="21" count="64" type="stmt"/>
        <line num="22" count="64" type="stmt"/>
        <line num="23" count="64" type="stmt"/>
        <line num="24" count="64" type="stmt"/>
        <line num="35" count="3" type="stmt"/>
        <line num="36" count="52" type="cond" truecount="2" falsecount="0"/>
        <line num="38" count="52" type="cond" truecount="4" falsecount="0"/>
        <line num="40" count="52" type="stmt"/>
        <line num="46" count="52" type="cond" truecount="1" falsecount="1"/>
        <line num="47" count="52" type="stmt"/>
        <line num="51" count="52" type="cond" truecount="4" falsecount="0"/>
        <line num="52" count="50" type="stmt"/>
        <line num="55" count="52" type="stmt"/>
        <line num="65" count="3" type="stmt"/>
        <line num="66" count="52" type="stmt"/>
        <line num="75" count="52" type="cond" truecount="4" falsecount="0"/>
        <line num="76" count="50" type="stmt"/>
        <line num="80" count="52" type="stmt"/>
        <line num="89" count="3" type="stmt"/>
        <line num="91" count="52" type="cond" truecount="2" falsecount="0"/>
        <line num="92" count="2" type="stmt"/>
        <line num="93" count="1" type="stmt"/>
        <line num="97" count="51" type="cond" truecount="2" falsecount="0"/>
        <line num="98" count="1" type="stmt"/>
        <line num="102" count="50" type="cond" truecount="2" falsecount="0"/>
        <line num="103" count="2" type="stmt"/>
        <line num="104" count="2" type="stmt"/>
        <line num="108" count="48" type="cond" truecount="2" falsecount="0"/>
        <line num="109" count="1" type="stmt"/>
        <line num="113" count="47" type="cond" truecount="2" falsecount="0"/>
        <line num="114" count="1" type="stmt"/>
        <line num="117" count="46" type="cond" truecount="2" falsecount="0"/>
        <line num="118" count="1" type="stmt"/>
        <line num="122" count="45" type="cond" truecount="2" falsecount="0"/>
        <line num="123" count="1" type="stmt"/>
        <line num="126" count="44" type="stmt"/>
        <line num="136" count="3" type="stmt"/>
        <line num="137" count="3" type="stmt"/>
        <line num="142" count="3" type="stmt"/>
        <line num="154" count="3" type="stmt"/>
        <line num="155" count="52" type="stmt"/>
        <line num="158" count="52" type="stmt"/>
        <line num="161" count="52" type="cond" truecount="4" falsecount="0"/>
        <line num="162" count="3" type="stmt"/>
        <line num="170" count="52" type="stmt"/>
        <line num="173" count="52" type="cond" truecount="1" falsecount="1"/>
        <line num="174" count="52" type="stmt"/>
        <line num="176" count="52" type="stmt"/>
        <line num="190" count="11" type="stmt"/>
        <line num="191" count="50" type="stmt"/>
        <line num="194" count="3" type="stmt"/>
      </file>
    </package>
    <package name="models">
      <metrics statements="12" coveredstatements="12" conditionals="0" coveredconditionals="0" methods="4" coveredmethods="4"/>
      <file name="User.js" path="/Users/bene/drips/SoroMint/server/models/User.js">
        <metrics statements="12" coveredstatements="12" conditionals="0" coveredconditionals="0" methods="4" coveredmethods="4"/>
        <line num="1" count="2" type="stmt"/>
        <line num="10" count="2" type="stmt"/>
        <line num="24" count="108" type="stmt"/>
        <line num="66" count="2" type="stmt"/>
        <line num="73" count="2" type="stmt"/>
        <line num="74" count="53" type="stmt"/>
        <line num="81" count="2" type="stmt"/>
        <line num="82" count="5" type="stmt"/>
        <line num="83" count="5" type="stmt"/>
        <line num="90" count="2" type="stmt"/>
        <line num="91" count="29" type="stmt"/>
        <line num="94" count="2" type="stmt"/>
      </file>
    </package>
    <package name="routes">
      <metrics statements="53" coveredstatements="53" conditionals="37" coveredconditionals="34" methods="5" coveredmethods="5"/>
      <file name="auth-routes.js" path="/Users/bene/drips/SoroMint/server/routes/auth-routes.js">
        <metrics statements="53" coveredstatements="53" conditionals="37" coveredconditionals="34" methods="5" coveredmethods="5"/>
        <line num="1" count="1" type="stmt"/>
        <line num="2" count="1" type="stmt"/>
        <line num="3" count="1" type="stmt"/>
        <line num="4" count="1" type="stmt"/>
        <line num="5" count="1" type="stmt"/>
        <line num="7" count="1" type="stmt"/>
        <line num="28" count="1" type="stmt"/>
        <line num="29" count="20" type="stmt"/>
        <line num="32" count="20" type="cond" truecount="2" falsecount="0"/>
        <line num="33" count="2" type="stmt"/>
        <line num="37" count="18" type="cond" truecount="2" falsecount="0"/>
        <line num="38" count="2" type="stmt"/>
        <line num="46" count="16" type="stmt"/>
        <line num="49" count="16" type="stmt"/>
        <line num="50" count="16" type="cond" truecount="2" falsecount="0"/>
        <line num="51" count="1" type="stmt"/>
        <line num="55" count="15" type="cond" truecount="5" falsecount="0"/>
        <line num="56" count="2" type="stmt"/>
        <line num="60" count="13" type="stmt"/>
        <line num="65" count="13" type="stmt"/>
        <line num="68" count="12" type="stmt"/>
        <line num="71" count="12" type="stmt"/>
        <line num="102" count="1" type="stmt"/>
        <line num="103" count="10" type="stmt"/>
        <line num="106" count="10" type="cond" truecount="2" falsecount="0"/>
        <line num="107" count="1" type="stmt"/>
        <line num="111" count="9" type="cond" truecount="2" falsecount="0"/>
        <line num="112" count="1" type="stmt"/>
        <line num="119" count="8" type="stmt"/>
        <line num="122" count="8" type="stmt"/>
        <line num="124" count="8" type="cond" truecount="2" falsecount="0"/>
        <line num="125" count="1" type="stmt"/>
        <line num="129" count="7" type="cond" truecount="2" falsecount="0"/>
        <line num="130" count="2" type="stmt"/>
        <line num="139" count="5" type="cond" truecount="4" falsecount="0"/>
        <line num="145" count="1" type="stmt"/>
        <line num="149" count="5" type="stmt"/>
        <line num="152" count="5" type="stmt"/>
        <line num="154" count="5" type="stmt"/>
        <line num="180" count="1" type="stmt"/>
        <line num="181" count="6" type="stmt"/>
        <line num="206" count="1" type="stmt"/>
        <line num="208" count="2" type="stmt"/>
        <line num="210" count="2" type="stmt"/>
        <line num="231" count="1" type="stmt"/>
        <line num="232" count="6" type="stmt"/>
        <line num="235" count="6" type="cond" truecount="2" falsecount="0"/>
        <line num="236" count="5" type="cond" truecount="4" falsecount="0"/>
        <line num="237" count="2" type="stmt"/>
        <line num="239" count="3" type="stmt"/>
        <line num="242" count="4" type="stmt"/>
        <line num="244" count="4" type="stmt"/>
        <line num="259" count="1" type="stmt"/>
      </file>
    </package>
  </project>
</coverage>
