{"/Users/bene/drips/SoroMint/server/middleware/error-handler.js": {"path":"/Users/bene/drips/SoroMint/server/middleware/error-handler.js","statementMap":{"0":{"start":{"line":11,"column":19},"end":{"line":11,"column":45}},"1":{"start":{"line":22,"column":4},"end":{"line":22,"column":19}},"2":{"start":{"line":23,"column":4},"end":{"line":23,"column":33}},"3":{"start":{"line":24,"column":4},"end":{"line":24,"column":21}},"4":{"start":{"line":25,"column":4},"end":{"line":25,"column":30}},"5":{"start":{"line":26,"column":4},"end":{"line":26,"column":52}},"6":{"start":{"line":37,"column":28},"end":{"line":58,"column":1}},"7":{"start":{"line":38,"column":23},"end":{"line":38,"column":68}},"8":{"start":{"line":40,"column":22},"end":{"line":40,"column":116}},"9":{"start":{"line":42,"column":19},"end":{"line":45,"column":3}},"10":{"start":{"line":48,"column":2},"end":{"line":50,"column":3}},"11":{"start":{"line":49,"column":4},"end":{"line":49,"column":37}},"12":{"start":{"line":53,"column":2},"end":{"line":55,"column":3}},"13":{"start":{"line":54,"column":4},"end":{"line":54,"column":31}},"14":{"start":{"line":57,"column":2},"end":{"line":57,"column":18}},"15":{"start":{"line":67,"column":17},"end":{"line":91,"column":1}},"16":{"start":{"line":68,"column":18},"end":{"line":76,"column":3}},"17":{"start":{"line":79,"column":2},"end":{"line":81,"column":3}},"18":{"start":{"line":80,"column":4},"end":{"line":80,"column":30}},"19":{"start":{"line":84,"column":2},"end":{"line":90,"column":3}},"20":{"start":{"line":85,"column":4},"end":{"line":85,"column":51}},"21":{"start":{"line":86,"column":9},"end":{"line":90,"column":3}},"22":{"start":{"line":87,"column":4},"end":{"line":87,"column":41}},"23":{"start":{"line":89,"column":4},"end":{"line":89,"column":34}},"24":{"start":{"line":99,"column":26},"end":{"line":137,"column":1}},"25":{"start":{"line":101,"column":2},"end":{"line":104,"column":3}},"26":{"start":{"line":102,"column":21},"end":{"line":102,"column":77}},"27":{"start":{"line":102,"column":56},"end":{"line":102,"column":65}},"28":{"start":{"line":103,"column":4},"end":{"line":103,"column":59}},"29":{"start":{"line":107,"column":2},"end":{"line":109,"column":3}},"30":{"start":{"line":108,"column":4},"end":{"line":108,"column":80}},"31":{"start":{"line":112,"column":2},"end":{"line":115,"column":3}},"32":{"start":{"line":113,"column":18},"end":{"line":113,"column":48}},"33":{"start":{"line":114,"column":4},"end":{"line":114,"column":73}},"34":{"start":{"line":118,"column":2},"end":{"line":120,"column":3}},"35":{"start":{"line":119,"column":4},"end":{"line":119,"column":55}},"36":{"start":{"line":123,"column":2},"end":{"line":125,"column":3}},"37":{"start":{"line":124,"column":4},"end":{"line":124,"column":63}},"38":{"start":{"line":127,"column":2},"end":{"line":129,"column":3}},"39":{"start":{"line":128,"column":4},"end":{"line":128,"column":63}},"40":{"start":{"line":132,"column":2},"end":{"line":134,"column":3}},"41":{"start":{"line":133,"column":4},"end":{"line":133,"column":72}},"42":{"start":{"line":136,"column":2},"end":{"line":136,"column":13}},"43":{"start":{"line":146,"column":24},"end":{"line":153,"column":1}},"44":{"start":{"line":147,"column":14},"end":{"line":151,"column":3}},"45":{"start":{"line":152,"column":2},"end":{"line":152,"column":12}},"46":{"start":{"line":164,"column":21},"end":{"line":187,"column":1}},"47":{"start":{"line":165,"column":23},"end":{"line":165,"column":60}},"48":{"start":{"line":168,"column":23},"end":{"line":168,"column":45}},"49":{"start":{"line":171,"column":2},"end":{"line":177,"column":3}},"50":{"start":{"line":172,"column":4},"end":{"line":176,"column":6}},"51":{"start":{"line":180,"column":2},"end":{"line":180,"column":46}},"52":{"start":{"line":183,"column":21},"end":{"line":183,"column":53}},"53":{"start":{"line":184,"column":23},"end":{"line":184,"column":72}},"54":{"start":{"line":186,"column":2},"end":{"line":186,"column":44}},"55":{"start":{"line":200,"column":21},"end":{"line":202,"column":1}},"56":{"start":{"line":200,"column":29},"end":{"line":202,"column":1}},"57":{"start":{"line":201,"column":2},"end":{"line":201,"column":50}},"58":{"start":{"line":204,"column":0},"end":{"line":209,"column":2}}},"fnMap":{"0":{"name":"(anonymous_0)","decl":{"start":{"line":21,"column":2},"end":{"line":21,"column":3}},"loc":{"start":{"line":21,"column":66},"end":{"line":27,"column":3}},"line":21},"1":{"name":"(anonymous_1)","decl":{"start":{"line":37,"column":28},"end":{"line":37,"column":29}},"loc":{"start":{"line":37,"column":51},"end":{"line":58,"column":1}},"line":37},"2":{"name":"(anonymous_2)","decl":{"start":{"line":67,"column":17},"end":{"line":67,"column":18}},"loc":{"start":{"line":67,"column":45},"end":{"line":91,"column":1}},"line":67},"3":{"name":"(anonymous_3)","decl":{"start":{"line":99,"column":26},"end":{"line":99,"column":27}},"loc":{"start":{"line":99,"column":35},"end":{"line":137,"column":1}},"line":99},"4":{"name":"(anonymous_4)","decl":{"start":{"line":102,"column":51},"end":{"line":102,"column":52}},"loc":{"start":{"line":102,"column":56},"end":{"line":102,"column":65}},"line":102},"5":{"name":"(anonymous_5)","decl":{"start":{"line":146,"column":24},"end":{"line":146,"column":25}},"loc":{"start":{"line":146,"column":44},"end":{"line":153,"column":1}},"line":146},"6":{"name":"(anonymous_6)","decl":{"start":{"line":164,"column":21},"end":{"line":164,"column":22}},"loc":{"start":{"line":164,"column":46},"end":{"line":187,"column":1}},"line":164},"7":{"name":"(anonymous_7)","decl":{"start":{"line":200,"column":21},"end":{"line":200,"column":22}},"loc":{"start":{"line":200,"column":29},"end":{"line":202,"column":1}},"line":200},"8":{"name":"(anonymous_8)","decl":{"start":{"line":200,"column":29},"end":{"line":200,"column":30}},"loc":{"start":{"line":200,"column":49},"end":{"line":202,"column":1}},"line":200}},"branchMap":{"0":{"loc":{"start":{"line":21,"column":23},"end":{"line":21,"column":39}},"type":"default-arg","locations":[{"start":{"line":21,"column":36},"end":{"line":21,"column":39}}],"line":21},"1":{"loc":{"start":{"line":21,"column":41},"end":{"line":21,"column":64}},"type":"default-arg","locations":[{"start":{"line":21,"column":48},"end":{"line":21,"column":64}}],"line":21},"2":{"loc":{"start":{"line":38,"column":23},"end":{"line":38,"column":68}},"type":"binary-expr","locations":[{"start":{"line":38,"column":23},"end":{"line":38,"column":34}},{"start":{"line":38,"column":38},"end":{"line":38,"column":68}}],"line":38},"3":{"loc":{"start":{"line":40,"column":22},"end":{"line":40,"column":116}},"type":"cond-expr","locations":[{"start":{"line":40,"column":71},"end":{"line":40,"column":101}},{"start":{"line":40,"column":104},"end":{"line":40,"column":116}}],"line":40},"4":{"loc":{"start":{"line":40,"column":22},"end":{"line":40,"column":68}},"type":"binary-expr","locations":[{"start":{"line":40,"column":22},"end":{"line":40,"column":45}},{"start":{"line":40,"column":49},"end":{"line":40,"column":68}}],"line":40},"5":{"loc":{"start":{"line":44,"column":10},"end":{"line":44,"column":38}},"type":"binary-expr","locations":[{"start":{"line":44,"column":10},"end":{"line":44,"column":18}},{"start":{"line":44,"column":22},"end":{"line":44,"column":38}}],"line":44},"6":{"loc":{"start":{"line":48,"column":2},"end":{"line":50,"column":3}},"type":"if","locations":[{"start":{"line":48,"column":2},"end":{"line":50,"column":3}},{"start":{},"end":{}}],"line":48},"7":{"loc":{"start":{"line":53,"column":2},"end":{"line":55,"column":3}},"type":"if","locations":[{"start":{"line":53,"column":2},"end":{"line":55,"column":3}},{"start":{},"end":{}}],"line":53},"8":{"loc":{"start":{"line":53,"column":6},"end":{"line":53,"column":32}},"type":"binary-expr","locations":[{"start":{"line":53,"column":6},"end":{"line":53,"column":19}},{"start":{"line":53,"column":23},"end":{"line":53,"column":32}}],"line":53},"9":{"loc":{"start":{"line":70,"column":10},"end":{"line":70,"column":38}},"type":"binary-expr","locations":[{"start":{"line":70,"column":10},"end":{"line":70,"column":18}},{"start":{"line":70,"column":22},"end":{"line":70,"column":38}}],"line":70},"10":{"loc":{"start":{"line":71,"column":16},"end":{"line":71,"column":37}},"type":"binary-expr","locations":[{"start":{"line":71,"column":16},"end":{"line":71,"column":30}},{"start":{"line":71,"column":34},"end":{"line":71,"column":37}}],"line":71},"11":{"loc":{"start":{"line":75,"column":19},"end":{"line":75,"column":45}},"type":"binary-expr","locations":[{"start":{"line":75,"column":19},"end":{"line":75,"column":36}},{"start":{"line":75,"column":40},"end":{"line":75,"column":45}}],"line":75},"12":{"loc":{"start":{"line":79,"column":2},"end":{"line":81,"column":3}},"type":"if","locations":[{"start":{"line":79,"column":2},"end":{"line":81,"column":3}},{"start":{},"end":{}}],"line":79},"13":{"loc":{"start":{"line":84,"column":2},"end":{"line":90,"column":3}},"type":"if","locations":[{"start":{"line":84,"column":2},"end":{"line":90,"column":3}},{"start":{"line":86,"column":9},"end":{"line":90,"column":3}}],"line":84},"14":{"loc":{"start":{"line":86,"column":9},"end":{"line":90,"column":3}},"type":"if","locations":[{"start":{"line":86,"column":9},"end":{"line":90,"column":3}},{"start":{"line":88,"column":9},"end":{"line":90,"column":3}}],"line":86},"15":{"loc":{"start":{"line":101,"column":2},"end":{"line":104,"column":3}},"type":"if","locations":[{"start":{"line":101,"column":2},"end":{"line":104,"column":3}},{"start":{},"end":{}}],"line":101},"16":{"loc":{"start":{"line":107,"column":2},"end":{"line":109,"column":3}},"type":"if","locations":[{"start":{"line":107,"column":2},"end":{"line":109,"column":3}},{"start":{},"end":{}}],"line":107},"17":{"loc":{"start":{"line":112,"column":2},"end":{"line":115,"column":3}},"type":"if","locations":[{"start":{"line":112,"column":2},"end":{"line":115,"column":3}},{"start":{},"end":{}}],"line":112},"18":{"loc":{"start":{"line":118,"column":2},"end":{"line":120,"column":3}},"type":"if","locations":[{"start":{"line":118,"column":2},"end":{"line":120,"column":3}},{"start":{},"end":{}}],"line":118},"19":{"loc":{"start":{"line":123,"column":2},"end":{"line":125,"column":3}},"type":"if","locations":[{"start":{"line":123,"column":2},"end":{"line":125,"column":3}},{"start":{},"end":{}}],"line":123},"20":{"loc":{"start":{"line":127,"column":2},"end":{"line":129,"column":3}},"type":"if","locations":[{"start":{"line":127,"column":2},"end":{"line":129,"column":3}},{"start":{},"end":{}}],"line":127},"21":{"loc":{"start":{"line":132,"column":2},"end":{"line":134,"column":3}},"type":"if","locations":[{"start":{"line":132,"column":2},"end":{"line":134,"column":3}},{"start":{},"end":{}}],"line":132},"22":{"loc":{"start":{"line":171,"column":2},"end":{"line":177,"column":3}},"type":"if","locations":[{"start":{"line":171,"column":2},"end":{"line":177,"column":3}},{"start":{},"end":{}}],"line":171},"23":{"loc":{"start":{"line":171,"column":6},"end":{"line":171,"column":65}},"type":"binary-expr","locations":[{"start":{"line":171,"column":6},"end":{"line":171,"column":35}},{"start":{"line":171,"column":39},"end":{"line":171,"column":65}}],"line":171},"24":{"loc":{"start":{"line":183,"column":21},"end":{"line":183,"column":53}},"type":"binary-expr","locations":[{"start":{"line":183,"column":21},"end":{"line":183,"column":46}},{"start":{"line":183,"column":50},"end":{"line":183,"column":53}}],"line":183}},"s":{"0":1,"1":31,"2":31,"3":31,"4":31,"5":31,"6":1,"7":27,"8":27,"9":27,"10":27,"11":27,"12":27,"13":25,"14":27,"15":1,"16":27,"17":27,"18":27,"19":27,"20":4,"21":23,"22":23,"23":0,"24":1,"25":27,"26":1,"27":2,"28":1,"29":26,"30":1,"31":25,"32":1,"33":1,"34":24,"35":1,"36":23,"37":1,"38":22,"39":1,"40":21,"41":1,"42":20,"43":1,"44":3,"45":3,"46":1,"47":27,"48":27,"49":27,"50":3,"51":27,"52":27,"53":27,"54":27,"55":1,"56":6,"57":6,"58":1},"f":{"0":31,"1":27,"2":27,"3":27,"4":2,"5":3,"6":27,"7":6,"8":6},"b":{"0":[3],"1":[3],"2":[27,1],"3":[1,26],"4":[27,26],"5":[27,0],"6":[27,0],"7":[25,2],"8":[27,25],"9":[27,0],"10":[27,0],"11":[27,0],"12":[27,0],"13":[4,23],"14":[23,0],"15":[1,26],"16":[1,25],"17":[1,24],"18":[1,23],"19":[1,22],"20":[1,21],"21":[1,20],"22":[3,24],"23":[27,3],"24":[27,0]},"_coverageSchema":"1a1c01bbd47fc00a2c39e90264f33305004495a9","hash":"78fc04bb8632fd5dfe1f8f6df4fe6d32f363fb95"}
,"/Users/bene/drips/SoroMint/server/utils/logger.js": {"path":"/Users/bene/drips/SoroMint/server/utils/logger.js","statementMap":{"0":{"start":{"line":10,"column":16},"end":{"line":10,"column":34}},"1":{"start":{"line":11,"column":24},"end":{"line":11,"column":60}},"2":{"start":{"line":12,"column":15},"end":{"line":12,"column":32}},"3":{"start":{"line":13,"column":13},"end":{"line":13,"column":28}},"4":{"start":{"line":24,"column":18},"end":{"line":29,"column":1}},"5":{"start":{"line":36,"column":25},"end":{"line":57,"column":2}},"6":{"start":{"line":41,"column":32},"end":{"line":41,"column":74}},"7":{"start":{"line":42,"column":23},"end":{"line":42,"column":78}},"8":{"start":{"line":45,"column":23},"end":{"line":47,"column":7}},"9":{"start":{"line":46,"column":8},"end":{"line":46,"column":67}},"10":{"start":{"line":49,"column":6},"end":{"line":52,"column":7}},"11":{"start":{"line":50,"column":27},"end":{"line":50,"column":83}},"12":{"start":{"line":50,"column":47},"end":{"line":50,"column":72}},"13":{"start":{"line":51,"column":8},"end":{"line":51,"column":39}},"14":{"start":{"line":54,"column":6},"end":{"line":54,"column":24}},"15":{"start":{"line":64,"column":22},"end":{"line":71,"column":2}},"16":{"start":{"line":78,"column":15},"end":{"line":89,"column":2}},"17":{"start":{"line":99,"column":30},"end":{"line":101,"column":1}},"18":{"start":{"line":100,"column":2},"end":{"line":100,"column":29}},"19":{"start":{"line":116,"column":32},"end":{"line":124,"column":1}},"20":{"start":{"line":118,"column":2},"end":{"line":118,"column":81}},"21":{"start":{"line":121,"column":2},"end":{"line":121,"column":55}},"22":{"start":{"line":123,"column":2},"end":{"line":123,"column":9}},"23":{"start":{"line":136,"column":29},"end":{"line":164,"column":1}},"24":{"start":{"line":137,"column":20},"end":{"line":137,"column":30}},"25":{"start":{"line":138,"column":24},"end":{"line":138,"column":41}},"26":{"start":{"line":141,"column":2},"end":{"line":161,"column":5}},"27":{"start":{"line":142,"column":21},"end":{"line":142,"column":43}},"28":{"start":{"line":143,"column":20},"end":{"line":151,"column":5}},"29":{"start":{"line":154,"column":4},"end":{"line":160,"column":5}},"30":{"start":{"line":155,"column":6},"end":{"line":155,"column":44}},"31":{"start":{"line":156,"column":11},"end":{"line":160,"column":5}},"32":{"start":{"line":157,"column":6},"end":{"line":157,"column":43}},"33":{"start":{"line":159,"column":6},"end":{"line":159,"column":43}},"34":{"start":{"line":163,"column":2},"end":{"line":163,"column":9}},"35":{"start":{"line":174,"column":23},"end":{"line":181,"column":1}},"36":{"start":{"line":175,"column":2},"end":{"line":180,"column":5}},"37":{"start":{"line":190,"column":24},"end":{"line":195,"column":1}},"38":{"start":{"line":191,"column":2},"end":{"line":194,"column":5}},"39":{"start":{"line":205,"column":30},"end":{"line":216,"column":1}},"40":{"start":{"line":206,"column":2},"end":{"line":215,"column":3}},"41":{"start":{"line":207,"column":4},"end":{"line":209,"column":7}},"42":{"start":{"line":211,"column":4},"end":{"line":214,"column":7}},"43":{"start":{"line":226,"column":29},"end":{"line":231,"column":1}},"44":{"start":{"line":227,"column":2},"end":{"line":230,"column":5}},"45":{"start":{"line":233,"column":0},"end":{"line":242,"column":2}}},"fnMap":{"0":{"name":"(anonymous_0)","decl":{"start":{"line":40,"column":26},"end":{"line":40,"column":27}},"loc":{"start":{"line":40,"column":89},"end":{"line":55,"column":5}},"line":40},"1":{"name":"(anonymous_1)","decl":{"start":{"line":45,"column":52},"end":{"line":45,"column":53}},"loc":{"start":{"line":46,"column":8},"end":{"line":46,"column":67}},"line":46},"2":{"name":"(anonymous_2)","decl":{"start":{"line":50,"column":40},"end":{"line":50,"column":41}},"loc":{"start":{"line":50,"column":47},"end":{"line":50,"column":72}},"line":50},"3":{"name":"(anonymous_3)","decl":{"start":{"line":99,"column":30},"end":{"line":99,"column":31}},"loc":{"start":{"line":99,"column":36},"end":{"line":101,"column":1}},"line":99},"4":{"name":"(anonymous_4)","decl":{"start":{"line":116,"column":32},"end":{"line":116,"column":33}},"loc":{"start":{"line":116,"column":52},"end":{"line":124,"column":1}},"line":116},"5":{"name":"(anonymous_5)","decl":{"start":{"line":136,"column":29},"end":{"line":136,"column":30}},"loc":{"start":{"line":136,"column":49},"end":{"line":164,"column":1}},"line":136},"6":{"name":"(anonymous_6)","decl":{"start":{"line":141,"column":19},"end":{"line":141,"column":20}},"loc":{"start":{"line":141,"column":25},"end":{"line":161,"column":3}},"line":141},"7":{"name":"(anonymous_7)","decl":{"start":{"line":174,"column":23},"end":{"line":174,"column":24}},"loc":{"start":{"line":174,"column":42},"end":{"line":181,"column":1}},"line":174},"8":{"name":"(anonymous_8)","decl":{"start":{"line":190,"column":24},"end":{"line":190,"column":25}},"loc":{"start":{"line":190,"column":36},"end":{"line":195,"column":1}},"line":190},"9":{"name":"(anonymous_9)","decl":{"start":{"line":205,"column":30},"end":{"line":205,"column":31}},"loc":{"start":{"line":205,"column":57},"end":{"line":216,"column":1}},"line":205},"10":{"name":"(anonymous_10)","decl":{"start":{"line":226,"column":29},"end":{"line":226,"column":30}},"loc":{"start":{"line":226,"column":47},"end":{"line":231,"column":1}},"line":226}},"branchMap":{"0":{"loc":{"start":{"line":41,"column":32},"end":{"line":41,"column":74}},"type":"cond-expr","locations":[{"start":{"line":41,"column":48},"end":{"line":41,"column":69}},{"start":{"line":41,"column":72},"end":{"line":41,"column":74}}],"line":41},"1":{"loc":{"start":{"line":46,"column":8},"end":{"line":46,"column":67}},"type":"binary-expr","locations":[{"start":{"line":46,"column":8},"end":{"line":46,"column":27}},{"start":{"line":46,"column":31},"end":{"line":46,"column":46}},{"start":{"line":46,"column":50},"end":{"line":46,"column":67}}],"line":46},"2":{"loc":{"start":{"line":49,"column":6},"end":{"line":52,"column":7}},"type":"if","locations":[{"start":{"line":49,"column":6},"end":{"line":52,"column":7}},{"start":{},"end":{}}],"line":49},"3":{"loc":{"start":{"line":79,"column":9},"end":{"line":79,"column":65}},"type":"cond-expr","locations":[{"start":{"line":79,"column":49},"end":{"line":79,"column":55}},{"start":{"line":79,"column":58},"end":{"line":79,"column":65}}],"line":79},"4":{"loc":{"start":{"line":82,"column":17},"end":{"line":82,"column":54}},"type":"binary-expr","locations":[{"start":{"line":82,"column":17},"end":{"line":82,"column":37}},{"start":{"line":82,"column":41},"end":{"line":82,"column":54}}],"line":82},"5":{"loc":{"start":{"line":118,"column":22},"end":{"line":118,"column":80}},"type":"binary-expr","locations":[{"start":{"line":118,"column":22},"end":{"line":118,"column":53}},{"start":{"line":118,"column":57},"end":{"line":118,"column":80}}],"line":118},"6":{"loc":{"start":{"line":149,"column":10},"end":{"line":149,"column":48}},"type":"binary-expr","locations":[{"start":{"line":149,"column":10},"end":{"line":149,"column":16}},{"start":{"line":149,"column":20},"end":{"line":149,"column":48}}],"line":149},"7":{"loc":{"start":{"line":154,"column":4},"end":{"line":160,"column":5}},"type":"if","locations":[{"start":{"line":154,"column":4},"end":{"line":160,"column":5}},{"start":{"line":156,"column":11},"end":{"line":160,"column":5}}],"line":154},"8":{"loc":{"start":{"line":156,"column":11},"end":{"line":160,"column":5}},"type":"if","locations":[{"start":{"line":156,"column":11},"end":{"line":160,"column":5}},{"start":{"line":158,"column":11},"end":{"line":160,"column":5}}],"line":156},"9":{"loc":{"start":{"line":178,"column":13},"end":{"line":178,"column":50}},"type":"binary-expr","locations":[{"start":{"line":178,"column":13},"end":{"line":178,"column":33}},{"start":{"line":178,"column":37},"end":{"line":178,"column":50}}],"line":178},"10":{"loc":{"start":{"line":205,"column":40},"end":{"line":205,"column":52}},"type":"default-arg","locations":[{"start":{"line":205,"column":48},"end":{"line":205,"column":52}}],"line":205},"11":{"loc":{"start":{"line":206,"column":2},"end":{"line":215,"column":3}},"type":"if","locations":[{"start":{"line":206,"column":2},"end":{"line":215,"column":3}},{"start":{"line":210,"column":9},"end":{"line":215,"column":3}}],"line":206},"12":{"loc":{"start":{"line":212,"column":13},"end":{"line":212,"column":52}},"type":"cond-expr","locations":[{"start":{"line":212,"column":21},"end":{"line":212,"column":34}},{"start":{"line":212,"column":37},"end":{"line":212,"column":52}}],"line":212}},"s":{"0":2,"1":2,"2":2,"3":2,"4":2,"5":2,"6":27,"7":27,"8":27,"9":216,"10":27,"11":27,"12":216,"13":27,"14":27,"15":2,"16":2,"17":2,"18":15,"19":2,"20":10,"21":10,"22":10,"23":2,"24":20,"25":20,"26":20,"27":20,"28":20,"29":20,"30":3,"31":17,"32":3,"33":14,"34":20,"35":2,"36":5,"37":2,"38":3,"39":2,"40":7,"41":2,"42":5,"43":2,"44":5,"45":2},"f":{"0":27,"1":216,"2":216,"3":15,"4":10,"5":20,"6":20,"7":5,"8":3,"9":7,"10":5},"b":{"0":[0,27],"1":[216,216,216],"2":[27,0],"3":[0,2],"4":[2,0],"5":[10,7],"6":[20,1],"7":[3,17],"8":[3,14],"9":[5,1],"10":[3],"11":[2,5],"12":[3,2]},"_coverageSchema":"1a1c01bbd47fc00a2c39e90264f33305004495a9","hash":"c4e5804088acd963b0eebdbc4b8138f56ea675cc"}
{"/Users/bene/drips/SoroMint/server/middleware/auth.js": {"path":"/Users/bene/drips/SoroMint/server/middleware/auth.js","statementMap":{"0":{"start":{"line":1,"column":12},"end":{"line":1,"column":35}},"1":{"start":{"line":2,"column":13},"end":{"line":2,"column":38}},"2":{"start":{"line":3,"column":21},"end":{"line":3,"column":47}},"3":{"start":{"line":18,"column":31},"end":{"line":26,"column":1}},"4":{"start":{"line":19,"column":21},"end":{"line":19,"column":46}},"5":{"start":{"line":21,"column":2},"end":{"line":23,"column":3}},"6":{"start":{"line":22,"column":4},"end":{"line":22,"column":16}},"7":{"start":{"line":25,"column":2},"end":{"line":25,"column":33}},"8":{"start":{"line":38,"column":21},"end":{"line":89,"column":1}},"9":{"start":{"line":39,"column":2},"end":{"line":88,"column":3}},"10":{"start":{"line":41,"column":18},"end":{"line":41,"column":45}},"11":{"start":{"line":43,"column":4},"end":{"line":45,"column":5}},"12":{"start":{"line":44,"column":6},"end":{"line":44,"column":109}},"13":{"start":{"line":48,"column":20},"end":{"line":48,"column":61}},"14":{"start":{"line":51,"column":17},"end":{"line":51,"column":62}},"15":{"start":{"line":53,"column":4},"end":{"line":55,"column":5}},"16":{"start":{"line":54,"column":6},"end":{"line":54,"column":89}},"17":{"start":{"line":58,"column":4},"end":{"line":60,"column":5}},"18":{"start":{"line":59,"column":6},"end":{"line":59,"column":104}},"19":{"start":{"line":63,"column":4},"end":{"line":63,"column":20}},"20":{"start":{"line":64,"column":4},"end":{"line":64,"column":24}},"21":{"start":{"line":66,"column":4},"end":{"line":66,"column":11}},"22":{"start":{"line":69,"column":4},"end":{"line":71,"column":5}},"23":{"start":{"line":70,"column":6},"end":{"line":70,"column":96}},"24":{"start":{"line":73,"column":4},"end":{"line":75,"column":5}},"25":{"start":{"line":74,"column":6},"end":{"line":74,"column":79}},"26":{"start":{"line":77,"column":4},"end":{"line":79,"column":5}},"27":{"start":{"line":78,"column":6},"end":{"line":78,"column":87}},"28":{"start":{"line":82,"column":4},"end":{"line":84,"column":5}},"29":{"start":{"line":83,"column":6},"end":{"line":83,"column":25}},"30":{"start":{"line":87,"column":4},"end":{"line":87,"column":75}},"31":{"start":{"line":99,"column":29},"end":{"line":125,"column":1}},"32":{"start":{"line":100,"column":2},"end":{"line":122,"column":3}},"33":{"start":{"line":101,"column":18},"end":{"line":101,"column":45}},"34":{"start":{"line":103,"column":4},"end":{"line":106,"column":5}},"35":{"start":{"line":105,"column":6},"end":{"line":105,"column":20}},"36":{"start":{"line":108,"column":20},"end":{"line":108,"column":61}},"37":{"start":{"line":109,"column":17},"end":{"line":109,"column":62}},"38":{"start":{"line":111,"column":4},"end":{"line":114,"column":5}},"39":{"start":{"line":112,"column":6},"end":{"line":112,"column":22}},"40":{"start":{"line":113,"column":6},"end":{"line":113,"column":26}},"41":{"start":{"line":119,"column":4},"end":{"line":121,"column":5}},"42":{"start":{"line":120,"column":6},"end":{"line":120,"column":79}},"43":{"start":{"line":124,"column":2},"end":{"line":124,"column":9}},"44":{"start":{"line":134,"column":18},"end":{"line":148,"column":1}},"45":{"start":{"line":135,"column":2},"end":{"line":147,"column":4}},"46":{"start":{"line":136,"column":4},"end":{"line":138,"column":5}},"47":{"start":{"line":137,"column":6},"end":{"line":137,"column":82}},"48":{"start":{"line":142,"column":4},"end":{"line":144,"column":5}},"49":{"start":{"line":143,"column":6},"end":{"line":143,"column":98}},"50":{"start":{"line":146,"column":4},"end":{"line":146,"column":11}},"51":{"start":{"line":157,"column":22},"end":{"line":176,"column":1}},"52":{"start":{"line":158,"column":2},"end":{"line":160,"column":3}},"53":{"start":{"line":159,"column":4},"end":{"line":159,"column":73}},"54":{"start":{"line":162,"column":18},"end":{"line":166,"column":3}},"55":{"start":{"line":169,"column":18},"end":{"line":173,"column":3}},"56":{"start":{"line":175,"column":2},"end":{"line":175,"column":60}},"57":{"start":{"line":184,"column":20},"end":{"line":190,"column":1}},"58":{"start":{"line":185,"column":2},"end":{"line":189,"column":3}},"59":{"start":{"line":186,"column":4},"end":{"line":186,"column":29}},"60":{"start":{"line":188,"column":4},"end":{"line":188,"column":16}},"61":{"start":{"line":198,"column":20},"end":{"line":204,"column":1}},"62":{"start":{"line":199,"column":2},"end":{"line":201,"column":3}},"63":{"start":{"line":200,"column":4},"end":{"line":200,"column":73}},"64":{"start":{"line":203,"column":2},"end":{"line":203,"column":51}},"65":{"start":{"line":206,"column":0},"end":{"line":214,"column":2}}},"fnMap":{"0":{"name":"(anonymous_0)","decl":{"start":{"line":18,"column":31},"end":{"line":18,"column":32}},"loc":{"start":{"line":18,"column":40},"end":{"line":26,"column":1}},"line":18},"1":{"name":"(anonymous_1)","decl":{"start":{"line":38,"column":21},"end":{"line":38,"column":22}},"loc":{"start":{"line":38,"column":47},"end":{"line":89,"column":1}},"line":38},"2":{"name":"(anonymous_2)","decl":{"start":{"line":99,"column":29},"end":{"line":99,"column":30}},"loc":{"start":{"line":99,"column":55},"end":{"line":125,"column":1}},"line":99},"3":{"name":"(anonymous_3)","decl":{"start":{"line":134,"column":18},"end":{"line":134,"column":19}},"loc":{"start":{"line":134,"column":32},"end":{"line":148,"column":1}},"line":134},"4":{"name":"(anonymous_4)","decl":{"start":{"line":135,"column":9},"end":{"line":135,"column":10}},"loc":{"start":{"line":135,"column":29},"end":{"line":147,"column":3}},"line":135},"5":{"name":"(anonymous_5)","decl":{"start":{"line":157,"column":22},"end":{"line":157,"column":23}},"loc":{"start":{"line":157,"column":54},"end":{"line":176,"column":1}},"line":157},"6":{"name":"(anonymous_6)","decl":{"start":{"line":184,"column":20},"end":{"line":184,"column":21}},"loc":{"start":{"line":184,"column":31},"end":{"line":190,"column":1}},"line":184},"7":{"name":"(anonymous_7)","decl":{"start":{"line":198,"column":20},"end":{"line":198,"column":21}},"loc":{"start":{"line":198,"column":31},"end":{"line":204,"column":1}},"line":198}},"branchMap":{"0":{"loc":{"start":{"line":21,"column":2},"end":{"line":23,"column":3}},"type":"if","locations":[{"start":{"line":21,"column":2},"end":{"line":23,"column":3}},{"start":{},"end":{}}],"line":21},"1":{"loc":{"start":{"line":21,"column":6},"end":{"line":21,"column":54}},"type":"binary-expr","locations":[{"start":{"line":21,"column":6},"end":{"line":21,"column":17}},{"start":{"line":21,"column":21},"end":{"line":21,"column":54}}],"line":21},"2":{"loc":{"start":{"line":43,"column":4},"end":{"line":45,"column":5}},"type":"if","locations":[{"start":{"line":43,"column":4},"end":{"line":45,"column":5}},{"start":{},"end":{}}],"line":43},"3":{"loc":{"start":{"line":53,"column":4},"end":{"line":55,"column":5}},"type":"if","locations":[{"start":{"line":53,"column":4},"end":{"line":55,"column":5}},{"start":{},"end":{}}],"line":53},"4":{"loc":{"start":{"line":58,"column":4},"end":{"line":60,"column":5}},"type":"if","locations":[{"start":{"line":58,"column":4},"end":{"line":60,"column":5}},{"start":{},"end":{}}],"line":58},"5":{"loc":{"start":{"line":69,"column":4},"end":{"line":71,"column":5}},"type":"if","locations":[{"start":{"line":69,"column":4},"end":{"line":71,"column":5}},{"start":{},"end":{}}],"line":69},"6":{"loc":{"start":{"line":73,"column":4},"end":{"line":75,"column":5}},"type":"if","locations":[{"start":{"line":73,"column":4},"end":{"line":75,"column":5}},{"start":{},"end":{}}],"line":73},"7":{"loc":{"start":{"line":77,"column":4},"end":{"line":79,"column":5}},"type":"if","locations":[{"start":{"line":77,"column":4},"end":{"line":79,"column":5}},{"start":{},"end":{}}],"line":77},"8":{"loc":{"start":{"line":82,"column":4},"end":{"line":84,"column":5}},"type":"if","locations":[{"start":{"line":82,"column":4},"end":{"line":84,"column":5}},{"start":{},"end":{}}],"line":82},"9":{"loc":{"start":{"line":103,"column":4},"end":{"line":106,"column":5}},"type":"if","locations":[{"start":{"line":103,"column":4},"end":{"line":106,"column":5}},{"start":{},"end":{}}],"line":103},"10":{"loc":{"start":{"line":111,"column":4},"end":{"line":114,"column":5}},"type":"if","locations":[{"start":{"line":111,"column":4},"end":{"line":114,"column":5}},{"start":{},"end":{}}],"line":111},"11":{"loc":{"start":{"line":111,"column":8},"end":{"line":111,"column":31}},"type":"binary-expr","locations":[{"start":{"line":111,"column":8},"end":{"line":111,"column":12}},{"start":{"line":111,"column":16},"end":{"line":111,"column":31}}],"line":111},"12":{"loc":{"start":{"line":119,"column":4},"end":{"line":121,"column":5}},"type":"if","locations":[{"start":{"line":119,"column":4},"end":{"line":121,"column":5}},{"start":{},"end":{}}],"line":119},"13":{"loc":{"start":{"line":136,"column":4},"end":{"line":138,"column":5}},"type":"if","locations":[{"start":{"line":136,"column":4},"end":{"line":138,"column":5}},{"start":{},"end":{}}],"line":136},"14":{"loc":{"start":{"line":142,"column":4},"end":{"line":144,"column":5}},"type":"if","locations":[{"start":{"line":142,"column":4},"end":{"line":144,"column":5}},{"start":{},"end":{}}],"line":142},"15":{"loc":{"start":{"line":142,"column":8},"end":{"line":142,"column":59}},"type":"binary-expr","locations":[{"start":{"line":142,"column":8},"end":{"line":142,"column":31}},{"start":{"line":142,"column":35},"end":{"line":142,"column":59}}],"line":142},"16":{"loc":{"start":{"line":157,"column":34},"end":{"line":157,"column":49}},"type":"default-arg","locations":[{"start":{"line":157,"column":45},"end":{"line":157,"column":49}}],"line":157},"17":{"loc":{"start":{"line":158,"column":2},"end":{"line":160,"column":3}},"type":"if","locations":[{"start":{"line":158,"column":2},"end":{"line":160,"column":3}},{"start":{},"end":{}}],"line":158},"18":{"loc":{"start":{"line":170,"column":15},"end":{"line":170,"column":50}},"type":"binary-expr","locations":[{"start":{"line":170,"column":15},"end":{"line":170,"column":41}},{"start":{"line":170,"column":45},"end":{"line":170,"column":50}}],"line":170},"19":{"loc":{"start":{"line":199,"column":2},"end":{"line":201,"column":3}},"type":"if","locations":[{"start":{"line":199,"column":2},"end":{"line":201,"column":3}},{"start":{},"end":{}}],"line":199}},"s":{"0":2,"1":2,"2":2,"3":2,"4":46,"5":46,"6":11,"7":35,"8":2,"9":34,"10":34,"11":34,"12":6,"13":28,"14":23,"15":23,"16":4,"17":19,"18":2,"19":17,"20":17,"21":17,"22":17,"23":2,"24":15,"25":3,"26":12,"27":0,"28":12,"29":12,"30":0,"31":2,"32":7,"33":7,"34":7,"35":2,"36":5,"37":4,"38":4,"39":2,"40":2,"41":1,"42":1,"43":5,"44":2,"45":5,"46":5,"47":1,"48":4,"49":0,"50":4,"51":2,"52":36,"53":1,"54":35,"55":35,"56":35,"57":2,"58":4,"59":4,"60":0,"61":2,"62":4,"63":1,"64":3,"65":2},"f":{"0":46,"1":34,"2":7,"3":5,"4":5,"5":36,"6":4,"7":4},"b":{"0":[11,35],"1":[46,37],"2":[6,28],"3":[4,19],"4":[2,17],"5":[2,15],"6":[3,12],"7":[0,12],"8":[12,0],"9":[2,5],"10":[2,2],"11":[4,3],"12":[1,0],"13":[1,4],"14":[0,4],"15":[4,2],"16":[4],"17":[1,35],"18":[35,0],"19":[1,3]},"_coverageSchema":"1a1c01bbd47fc00a2c39e90264f33305004495a9","hash":"09bb10412d83bdeb6deb2fdc014acb8e74b8ef8c"}
,"/Users/bene/drips/SoroMint/server/middleware/error-handler.js": {"path":"/Users/bene/drips/SoroMint/server/middleware/error-handler.js","statementMap":{"0":{"start":{"line":20,"column":4},"end":{"line":20,"column":19}},"1":{"start":{"line":21,"column":4},"end":{"line":21,"column":33}},"2":{"start":{"line":22,"column":4},"end":{"line":22,"column":21}},"3":{"start":{"line":23,"column":4},"end":{"line":23,"column":30}},"4":{"start":{"line":24,"column":4},"end":{"line":24,"column":52}},"5":{"start":{"line":35,"column":28},"end":{"line":56,"column":1}},"6":{"start":{"line":36,"column":23},"end":{"line":36,"column":68}},"7":{"start":{"line":38,"column":22},"end":{"line":38,"column":116}},"8":{"start":{"line":40,"column":19},"end":{"line":43,"column":3}},"9":{"start":{"line":46,"column":2},"end":{"line":48,"column":3}},"10":{"start":{"line":47,"column":4},"end":{"line":47,"column":37}},"11":{"start":{"line":51,"column":2},"end":{"line":53,"column":3}},"12":{"start":{"line":52,"column":4},"end":{"line":52,"column":31}},"13":{"start":{"line":55,"column":2},"end":{"line":55,"column":18}},"14":{"start":{"line":65,"column":17},"end":{"line":81,"column":1}},"15":{"start":{"line":66,"column":21},"end":{"line":73,"column":3}},"16":{"start":{"line":75,"column":2},"end":{"line":77,"column":3}},"17":{"start":{"line":76,"column":4},"end":{"line":76,"column":52}},"18":{"start":{"line":80,"column":2},"end":{"line":80,"column":39}},"19":{"start":{"line":89,"column":26},"end":{"line":127,"column":1}},"20":{"start":{"line":91,"column":2},"end":{"line":94,"column":3}},"21":{"start":{"line":92,"column":21},"end":{"line":92,"column":77}},"22":{"start":{"line":92,"column":56},"end":{"line":92,"column":65}},"23":{"start":{"line":93,"column":4},"end":{"line":93,"column":59}},"24":{"start":{"line":97,"column":2},"end":{"line":99,"column":3}},"25":{"start":{"line":98,"column":4},"end":{"line":98,"column":80}},"26":{"start":{"line":102,"column":2},"end":{"line":105,"column":3}},"27":{"start":{"line":103,"column":18},"end":{"line":103,"column":48}},"28":{"start":{"line":104,"column":4},"end":{"line":104,"column":73}},"29":{"start":{"line":108,"column":2},"end":{"line":110,"column":3}},"30":{"start":{"line":109,"column":4},"end":{"line":109,"column":55}},"31":{"start":{"line":113,"column":2},"end":{"line":115,"column":3}},"32":{"start":{"line":114,"column":4},"end":{"line":114,"column":63}},"33":{"start":{"line":117,"column":2},"end":{"line":119,"column":3}},"34":{"start":{"line":118,"column":4},"end":{"line":118,"column":63}},"35":{"start":{"line":122,"column":2},"end":{"line":124,"column":3}},"36":{"start":{"line":123,"column":4},"end":{"line":123,"column":72}},"37":{"start":{"line":126,"column":2},"end":{"line":126,"column":13}},"38":{"start":{"line":136,"column":24},"end":{"line":143,"column":1}},"39":{"start":{"line":137,"column":14},"end":{"line":141,"column":3}},"40":{"start":{"line":142,"column":2},"end":{"line":142,"column":12}},"41":{"start":{"line":154,"column":21},"end":{"line":177,"column":1}},"42":{"start":{"line":155,"column":23},"end":{"line":155,"column":60}},"43":{"start":{"line":158,"column":23},"end":{"line":158,"column":45}},"44":{"start":{"line":161,"column":2},"end":{"line":167,"column":3}},"45":{"start":{"line":162,"column":4},"end":{"line":166,"column":6}},"46":{"start":{"line":170,"column":2},"end":{"line":170,"column":46}},"47":{"start":{"line":173,"column":21},"end":{"line":173,"column":53}},"48":{"start":{"line":174,"column":23},"end":{"line":174,"column":72}},"49":{"start":{"line":176,"column":2},"end":{"line":176,"column":44}},"50":{"start":{"line":190,"column":21},"end":{"line":192,"column":1}},"51":{"start":{"line":190,"column":29},"end":{"line":192,"column":1}},"52":{"start":{"line":191,"column":2},"end":{"line":191,"column":50}},"53":{"start":{"line":194,"column":0},"end":{"line":199,"column":2}}},"fnMap":{"0":{"name":"(anonymous_0)","decl":{"start":{"line":19,"column":2},"end":{"line":19,"column":3}},"loc":{"start":{"line":19,"column":66},"end":{"line":25,"column":3}},"line":19},"1":{"name":"(anonymous_1)","decl":{"start":{"line":35,"column":28},"end":{"line":35,"column":29}},"loc":{"start":{"line":35,"column":51},"end":{"line":56,"column":1}},"line":35},"2":{"name":"(anonymous_2)","decl":{"start":{"line":65,"column":17},"end":{"line":65,"column":18}},"loc":{"start":{"line":65,"column":45},"end":{"line":81,"column":1}},"line":65},"3":{"name":"(anonymous_3)","decl":{"start":{"line":89,"column":26},"end":{"line":89,"column":27}},"loc":{"start":{"line":89,"column":35},"end":{"line":127,"column":1}},"line":89},"4":{"name":"(anonymous_4)","decl":{"start":{"line":92,"column":51},"end":{"line":92,"column":52}},"loc":{"start":{"line":92,"column":56},"end":{"line":92,"column":65}},"line":92},"5":{"name":"(anonymous_5)","decl":{"start":{"line":136,"column":24},"end":{"line":136,"column":25}},"loc":{"start":{"line":136,"column":44},"end":{"line":143,"column":1}},"line":136},"6":{"name":"(anonymous_6)","decl":{"start":{"line":154,"column":21},"end":{"line":154,"column":22}},"loc":{"start":{"line":154,"column":46},"end":{"line":177,"column":1}},"line":154},"7":{"name":"(anonymous_7)","decl":{"start":{"line":190,"column":21},"end":{"line":190,"column":22}},"loc":{"start":{"line":190,"column":29},"end":{"line":192,"column":1}},"line":190},"8":{"name":"(anonymous_8)","decl":{"start":{"line":190,"column":29},"end":{"line":190,"column":30}},"loc":{"start":{"line":190,"column":49},"end":{"line":192,"column":1}},"line":190}},"branchMap":{"0":{"loc":{"start":{"line":19,"column":23},"end":{"line":19,"column":39}},"type":"default-arg","locations":[{"start":{"line":19,"column":36},"end":{"line":19,"column":39}}],"line":19},"1":{"loc":{"start":{"line":19,"column":41},"end":{"line":19,"column":64}},"type":"default-arg","locations":[{"start":{"line":19,"column":48},"end":{"line":19,"column":64}}],"line":19},"2":{"loc":{"start":{"line":36,"column":23},"end":{"line":36,"column":68}},"type":"binary-expr","locations":[{"start":{"line":36,"column":23},"end":{"line":36,"column":34}},{"start":{"line":36,"column":38},"end":{"line":36,"column":68}}],"line":36},"3":{"loc":{"start":{"line":38,"column":22},"end":{"line":38,"column":116}},"type":"cond-expr","locations":[{"start":{"line":38,"column":71},"end":{"line":38,"column":101}},{"start":{"line":38,"column":104},"end":{"line":38,"column":116}}],"line":38},"4":{"loc":{"start":{"line":38,"column":22},"end":{"line":38,"column":68}},"type":"binary-expr","locations":[{"start":{"line":38,"column":22},"end":{"line":38,"column":45}},{"start":{"line":38,"column":49},"end":{"line":38,"column":68}}],"line":38},"5":{"loc":{"start":{"line":42,"column":10},"end":{"line":42,"column":38}},"type":"binary-expr","locations":[{"start":{"line":42,"column":10},"end":{"line":42,"column":18}},{"start":{"line":42,"column":22},"end":{"line":42,"column":38}}],"line":42},"6":{"loc":{"start":{"line":46,"column":2},"end":{"line":48,"column":3}},"type":"if","locations":[{"start":{"line":46,"column":2},"end":{"line":48,"column":3}},{"start":{},"end":{}}],"line":46},"7":{"loc":{"start":{"line":51,"column":2},"end":{"line":53,"column":3}},"type":"if","locations":[{"start":{"line":51,"column":2},"end":{"line":53,"column":3}},{"start":{},"end":{}}],"line":51},"8":{"loc":{"start":{"line":51,"column":6},"end":{"line":51,"column":32}},"type":"binary-expr","locations":[{"start":{"line":51,"column":6},"end":{"line":51,"column":19}},{"start":{"line":51,"column":23},"end":{"line":51,"column":32}}],"line":51},"9":{"loc":{"start":{"line":69,"column":13},"end":{"line":69,"column":41}},"type":"binary-expr","locations":[{"start":{"line":69,"column":13},"end":{"line":69,"column":21}},{"start":{"line":69,"column":25},"end":{"line":69,"column":41}}],"line":69},"10":{"loc":{"start":{"line":70,"column":15},"end":{"line":70,"column":36}},"type":"binary-expr","locations":[{"start":{"line":70,"column":15},"end":{"line":70,"column":29}},{"start":{"line":70,"column":33},"end":{"line":70,"column":36}}],"line":70},"11":{"loc":{"start":{"line":75,"column":2},"end":{"line":77,"column":3}},"type":"if","locations":[{"start":{"line":75,"column":2},"end":{"line":77,"column":3}},{"start":{},"end":{}}],"line":75},"12":{"loc":{"start":{"line":75,"column":6},"end":{"line":75,"column":32}},"type":"binary-expr","locations":[{"start":{"line":75,"column":6},"end":{"line":75,"column":19}},{"start":{"line":75,"column":23},"end":{"line":75,"column":32}}],"line":75},"13":{"loc":{"start":{"line":91,"column":2},"end":{"line":94,"column":3}},"type":"if","locations":[{"start":{"line":91,"column":2},"end":{"line":94,"column":3}},{"start":{},"end":{}}],"line":91},"14":{"loc":{"start":{"line":97,"column":2},"end":{"line":99,"column":3}},"type":"if","locations":[{"start":{"line":97,"column":2},"end":{"line":99,"column":3}},{"start":{},"end":{}}],"line":97},"15":{"loc":{"start":{"line":102,"column":2},"end":{"line":105,"column":3}},"type":"if","locations":[{"start":{"line":102,"column":2},"end":{"line":105,"column":3}},{"start":{},"end":{}}],"line":102},"16":{"loc":{"start":{"line":108,"column":2},"end":{"line":110,"column":3}},"type":"if","locations":[{"start":{"line":108,"column":2},"end":{"line":110,"column":3}},{"start":{},"end":{}}],"line":108},"17":{"loc":{"start":{"line":113,"column":2},"end":{"line":115,"column":3}},"type":"if","locations":[{"start":{"line":113,"column":2},"end":{"line":115,"column":3}},{"start":{},"end":{}}],"line":113},"18":{"loc":{"start":{"line":117,"column":2},"end":{"line":119,"column":3}},"type":"if","locations":[{"start":{"line":117,"column":2},"end":{"line":119,"column":3}},{"start":{},"end":{}}],"line":117},"19":{"loc":{"start":{"line":122,"column":2},"end":{"line":124,"column":3}},"type":"if","locations":[{"start":{"line":122,"column":2},"end":{"line":124,"column":3}},{"start":{},"end":{}}],"line":122},"20":{"loc":{"start":{"line":161,"column":2},"end":{"line":167,"column":3}},"type":"if","locations":[{"start":{"line":161,"column":2},"end":{"line":167,"column":3}},{"start":{},"end":{}}],"line":161},"21":{"loc":{"start":{"line":161,"column":6},"end":{"line":161,"column":65}},"type":"binary-expr","locations":[{"start":{"line":161,"column":6},"end":{"line":161,"column":35}},{"start":{"line":161,"column":39},"end":{"line":161,"column":65}}],"line":161},"22":{"loc":{"start":{"line":173,"column":21},"end":{"line":173,"column":53}},"type":"binary-expr","locations":[{"start":{"line":173,"column":21},"end":{"line":173,"column":46}},{"start":{"line":173,"column":50},"end":{"line":173,"column":53}}],"line":173}},"s":{"0":64,"1":64,"2":64,"3":64,"4":64,"5":3,"6":52,"7":52,"8":52,"9":52,"10":52,"11":52,"12":50,"13":52,"14":3,"15":52,"16":52,"17":50,"18":52,"19":3,"20":52,"21":1,"22":2,"23":1,"24":51,"25":1,"26":50,"27":2,"28":2,"29":48,"30":1,"31":47,"32":1,"33":46,"34":1,"35":45,"36":1,"37":44,"38":3,"39":3,"40":3,"41":3,"42":52,"43":52,"44":52,"45":3,"46":52,"47":52,"48":52,"49":52,"50":3,"51":11,"52":50,"53":3},"f":{"0":64,"1":52,"2":52,"3":52,"4":2,"5":3,"6":52,"7":11,"8":50},"b":{"0":[3],"1":[3],"2":[52,1],"3":[1,51],"4":[52,51],"5":[52,0],"6":[52,0],"7":[50,2],"8":[52,50],"9":[52,0],"10":[52,0],"11":[50,2],"12":[52,50],"13":[1,51],"14":[1,50],"15":[2,48],"16":[1,47],"17":[1,46],"18":[1,45],"19":[1,44],"20":[3,49],"21":[52,3],"22":[52,0]},"_coverageSchema":"1a1c01bbd47fc00a2c39e90264f33305004495a9","hash":"2de3dc5b824f5bb3fb8a6d6784d1dfd78b680ba2"}
,"/Users/bene/drips/SoroMint/server/models/User.js": {"path":"/Users/bene/drips/SoroMint/server/models/User.js","statementMap":{"0":{"start":{"line":1,"column":17},"end":{"line":1,"column":36}},"1":{"start":{"line":10,"column":19},"end":{"line":61,"column":2}},"2":{"start":{"line":24,"column":8},"end":{"line":24,"column":45}},"3":{"start":{"line":66,"column":0},"end":{"line":66,"column":35}},"4":{"start":{"line":73,"column":0},"end":{"line":75,"column":2}},"5":{"start":{"line":74,"column":2},"end":{"line":74,"column":62}},"6":{"start":{"line":81,"column":0},"end":{"line":84,"column":2}},"7":{"start":{"line":82,"column":2},"end":{"line":82,"column":32}},"8":{"start":{"line":83,"column":2},"end":{"line":83,"column":21}},"9":{"start":{"line":90,"column":0},"end":{"line":92,"column":2}},"10":{"start":{"line":91,"column":2},"end":{"line":91,"column":34}},"11":{"start":{"line":94,"column":0},"end":{"line":94,"column":52}}},"fnMap":{"0":{"name":"(anonymous_0)","decl":{"start":{"line":21,"column":17},"end":{"line":21,"column":18}},"loc":{"start":{"line":21,"column":34},"end":{"line":25,"column":7}},"line":21},"1":{"name":"(anonymous_1)","decl":{"start":{"line":73,"column":37},"end":{"line":73,"column":38}},"loc":{"start":{"line":73,"column":64},"end":{"line":75,"column":1}},"line":73},"2":{"name":"(anonymous_2)","decl":{"start":{"line":81,"column":37},"end":{"line":81,"column":38}},"loc":{"start":{"line":81,"column":55},"end":{"line":84,"column":1}},"line":81},"3":{"name":"(anonymous_3)","decl":{"start":{"line":90,"column":30},"end":{"line":90,"column":31}},"loc":{"start":{"line":90,"column":42},"end":{"line":92,"column":1}},"line":90}},"branchMap":{},"s":{"0":2,"1":2,"2":108,"3":2,"4":2,"5":53,"6":2,"7":5,"8":5,"9":2,"10":29,"11":2},"f":{"0":108,"1":53,"2":5,"3":29},"b":{},"_coverageSchema":"1a1c01bbd47fc00a2c39e90264f33305004495a9","hash":"0534c7999ffea835e2daf75314326cac42dfc78e"}
,"/Users/bene/drips/SoroMint/server/routes/auth-routes.js": {"path":"/Users/bene/drips/SoroMint/server/routes/auth-routes.js","statementMap":{"0":{"start":{"line":1,"column":16},"end":{"line":1,"column":34}},"1":{"start":{"line":2,"column":19},"end":{"line":2,"column":50}},"2":{"start":{"line":3,"column":13},"end":{"line":3,"column":38}},"3":{"start":{"line":4,"column":40},"end":{"line":4,"column":69}},"4":{"start":{"line":5,"column":35},"end":{"line":5,"column":73}},"5":{"start":{"line":7,"column":15},"end":{"line":7,"column":31}},"6":{"start":{"line":28,"column":0},"end":{"line":85,"column":4}},"7":{"start":{"line":29,"column":34},"end":{"line":29,"column":42}},"8":{"start":{"line":32,"column":2},"end":{"line":34,"column":3}},"9":{"start":{"line":33,"column":4},"end":{"line":33,"column":91}},"10":{"start":{"line":37,"column":2},"end":{"line":43,"column":3}},"11":{"start":{"line":38,"column":4},"end":{"line":42,"column":6}},"12":{"start":{"line":46,"column":30},"end":{"line":46,"column":53}},"13":{"start":{"line":49,"column":23},"end":{"line":49,"column":70}},"14":{"start":{"line":50,"column":2},"end":{"line":52,"column":3}},"15":{"start":{"line":51,"column":4},"end":{"line":51,"column":91}},"16":{"start":{"line":55,"column":2},"end":{"line":57,"column":3}},"17":{"start":{"line":56,"column":4},"end":{"line":56,"column":96}},"18":{"start":{"line":60,"column":15},"end":{"line":63,"column":4}},"19":{"start":{"line":65,"column":2},"end":{"line":65,"column":20}},"20":{"start":{"line":68,"column":16},"end":{"line":68,"column":65}},"21":{"start":{"line":71,"column":2},"end":{"line":84,"column":5}},"22":{"start":{"line":102,"column":0},"end":{"line":168,"column":4}},"23":{"start":{"line":103,"column":46},"end":{"line":103,"column":54}},"24":{"start":{"line":106,"column":2},"end":{"line":108,"column":3}},"25":{"start":{"line":107,"column":4},"end":{"line":107,"column":84}},"26":{"start":{"line":111,"column":2},"end":{"line":117,"column":3}},"27":{"start":{"line":112,"column":4},"end":{"line":116,"column":6}},"28":{"start":{"line":119,"column":30},"end":{"line":119,"column":53}},"29":{"start":{"line":122,"column":15},"end":{"line":122,"column":62}},"30":{"start":{"line":124,"column":2},"end":{"line":126,"column":3}},"31":{"start":{"line":125,"column":4},"end":{"line":125,"column":88}},"32":{"start":{"line":129,"column":2},"end":{"line":131,"column":3}},"33":{"start":{"line":130,"column":4},"end":{"line":130,"column":102}},"34":{"start":{"line":139,"column":2},"end":{"line":146,"column":3}},"35":{"start":{"line":145,"column":4},"end":{"line":145,"column":89}},"36":{"start":{"line":149,"column":2},"end":{"line":149,"column":31}},"37":{"start":{"line":152,"column":16},"end":{"line":152,"column":65}},"38":{"start":{"line":154,"column":2},"end":{"line":167,"column":5}},"39":{"start":{"line":180,"column":0},"end":{"line":194,"column":4}},"40":{"start":{"line":181,"column":2},"end":{"line":193,"column":5}},"41":{"start":{"line":206,"column":0},"end":{"line":218,"column":4}},"42":{"start":{"line":208,"column":19},"end":{"line":208,"column":71}},"43":{"start":{"line":210,"column":2},"end":{"line":217,"column":5}},"44":{"start":{"line":231,"column":0},"end":{"line":257,"column":4}},"45":{"start":{"line":232,"column":23},"end":{"line":232,"column":31}},"46":{"start":{"line":235,"column":2},"end":{"line":240,"column":3}},"47":{"start":{"line":236,"column":4},"end":{"line":238,"column":5}},"48":{"start":{"line":237,"column":6},"end":{"line":237,"column":98}},"49":{"start":{"line":239,"column":4},"end":{"line":239,"column":40}},"50":{"start":{"line":242,"column":2},"end":{"line":242,"column":24}},"51":{"start":{"line":244,"column":2},"end":{"line":256,"column":5}},"52":{"start":{"line":259,"column":0},"end":{"line":259,"column":24}}},"fnMap":{"0":{"name":"(anonymous_0)","decl":{"start":{"line":28,"column":38},"end":{"line":28,"column":39}},"loc":{"start":{"line":28,"column":58},"end":{"line":85,"column":1}},"line":28},"1":{"name":"(anonymous_1)","decl":{"start":{"line":102,"column":35},"end":{"line":102,"column":36}},"loc":{"start":{"line":102,"column":55},"end":{"line":168,"column":1}},"line":102},"2":{"name":"(anonymous_2)","decl":{"start":{"line":180,"column":45},"end":{"line":180,"column":46}},"loc":{"start":{"line":180,"column":65},"end":{"line":194,"column":1}},"line":180},"3":{"name":"(anonymous_3)","decl":{"start":{"line":206,"column":51},"end":{"line":206,"column":52}},"loc":{"start":{"line":206,"column":71},"end":{"line":218,"column":1}},"line":206},"4":{"name":"(anonymous_4)","decl":{"start":{"line":231,"column":50},"end":{"line":231,"column":51}},"loc":{"start":{"line":231,"column":70},"end":{"line":257,"column":1}},"line":231}},"branchMap":{"0":{"loc":{"start":{"line":32,"column":2},"end":{"line":34,"column":3}},"type":"if","locations":[{"start":{"line":32,"column":2},"end":{"line":34,"column":3}},{"start":{},"end":{}}],"line":32},"1":{"loc":{"start":{"line":37,"column":2},"end":{"line":43,"column":3}},"type":"if","locations":[{"start":{"line":37,"column":2},"end":{"line":43,"column":3}},{"start":{},"end":{}}],"line":37},"2":{"loc":{"start":{"line":50,"column":2},"end":{"line":52,"column":3}},"type":"if","locations":[{"start":{"line":50,"column":2},"end":{"line":52,"column":3}},{"start":{},"end":{}}],"line":50},"3":{"loc":{"start":{"line":55,"column":2},"end":{"line":57,"column":3}},"type":"if","locations":[{"start":{"line":55,"column":2},"end":{"line":57,"column":3}},{"start":{},"end":{}}],"line":55},"4":{"loc":{"start":{"line":55,"column":6},"end":{"line":55,"column":63}},"type":"binary-expr","locations":[{"start":{"line":55,"column":6},"end":{"line":55,"column":14}},{"start":{"line":55,"column":19},"end":{"line":55,"column":38}},{"start":{"line":55,"column":42},"end":{"line":55,"column":62}}],"line":55},"5":{"loc":{"start":{"line":62,"column":14},"end":{"line":62,"column":52}},"type":"cond-expr","locations":[{"start":{"line":62,"column":25},"end":{"line":62,"column":40}},{"start":{"line":62,"column":43},"end":{"line":62,"column":52}}],"line":62},"6":{"loc":{"start":{"line":82,"column":17},"end":{"line":82,"column":52}},"type":"binary-expr","locations":[{"start":{"line":82,"column":17},"end":{"line":82,"column":43}},{"start":{"line":82,"column":47},"end":{"line":82,"column":52}}],"line":82},"7":{"loc":{"start":{"line":106,"column":2},"end":{"line":108,"column":3}},"type":"if","locations":[{"start":{"line":106,"column":2},"end":{"line":108,"column":3}},{"start":{},"end":{}}],"line":106},"8":{"loc":{"start":{"line":111,"column":2},"end":{"line":117,"column":3}},"type":"if","locations":[{"start":{"line":111,"column":2},"end":{"line":117,"column":3}},{"start":{},"end":{}}],"line":111},"9":{"loc":{"start":{"line":124,"column":2},"end":{"line":126,"column":3}},"type":"if","locations":[{"start":{"line":124,"column":2},"end":{"line":126,"column":3}},{"start":{},"end":{}}],"line":124},"10":{"loc":{"start":{"line":129,"column":2},"end":{"line":131,"column":3}},"type":"if","locations":[{"start":{"line":129,"column":2},"end":{"line":131,"column":3}},{"start":{},"end":{}}],"line":129},"11":{"loc":{"start":{"line":139,"column":2},"end":{"line":146,"column":3}},"type":"if","locations":[{"start":{"line":139,"column":2},"end":{"line":146,"column":3}},{"start":{},"end":{}}],"line":139},"12":{"loc":{"start":{"line":139,"column":6},"end":{"line":139,"column":28}},"type":"binary-expr","locations":[{"start":{"line":139,"column":6},"end":{"line":139,"column":15}},{"start":{"line":139,"column":19},"end":{"line":139,"column":28}}],"line":139},"13":{"loc":{"start":{"line":165,"column":17},"end":{"line":165,"column":52}},"type":"binary-expr","locations":[{"start":{"line":165,"column":17},"end":{"line":165,"column":43}},{"start":{"line":165,"column":47},"end":{"line":165,"column":52}}],"line":165},"14":{"loc":{"start":{"line":215,"column":17},"end":{"line":215,"column":52}},"type":"binary-expr","locations":[{"start":{"line":215,"column":17},"end":{"line":215,"column":43}},{"start":{"line":215,"column":47},"end":{"line":215,"column":52}}],"line":215},"15":{"loc":{"start":{"line":235,"column":2},"end":{"line":240,"column":3}},"type":"if","locations":[{"start":{"line":235,"column":2},"end":{"line":240,"column":3}},{"start":{},"end":{}}],"line":235},"16":{"loc":{"start":{"line":236,"column":4},"end":{"line":238,"column":5}},"type":"if","locations":[{"start":{"line":236,"column":4},"end":{"line":238,"column":5}},{"start":{},"end":{}}],"line":236},"17":{"loc":{"start":{"line":236,"column":8},"end":{"line":236,"column":51}},"type":"binary-expr","locations":[{"start":{"line":236,"column":8},"end":{"line":236,"column":27}},{"start":{"line":236,"column":31},"end":{"line":236,"column":51}}],"line":236}},"s":{"0":1,"1":1,"2":1,"3":1,"4":1,"5":1,"6":1,"7":20,"8":20,"9":2,"10":18,"11":2,"12":16,"13":16,"14":16,"15":1,"16":15,"17":2,"18":13,"19":13,"20":12,"21":12,"22":1,"23":10,"24":10,"25":1,"26":9,"27":1,"28":8,"29":8,"30":8,"31":1,"32":7,"33":2,"34":5,"35":1,"36":5,"37":5,"38":5,"39":1,"40":6,"41":1,"42":2,"43":2,"44":1,"45":6,"46":6,"47":5,"48":2,"49":3,"50":4,"51":4,"52":1},"f":{"0":20,"1":10,"2":6,"3":2,"4":6},"b":{"0":[2,18],"1":[2,16],"2":[1,15],"3":[2,13],"4":[15,14,13],"5":[12,1],"6":[12,0],"7":[1,9],"8":[1,8],"9":[1,7],"10":[2,5],"11":[1,4],"12":[5,1],"13":[5,0],"14":[2,0],"15":[5,1],"16":[2,3],"17":[5,4]},"_coverageSchema":"1a1c01bbd47fc00a2c39e90264f33305004495a9","hash":"2167c39d97fa83494be20218402229ba5f6fc2f0"}
}
