TN:
SF:middleware/auth.js
FN:18,(anonymous_0)
FN:38,(anonymous_1)
FN:99,(anonymous_2)
FN:134,(anonymous_3)
FN:135,(anonymous_4)
FN:157,(anonymous_5)
FN:184,(anonymous_6)
FN:198,(anonymous_7)
FNF:8
FNH:8
FNDA:46,(anonymous_0)
FNDA:34,(anonymous_1)
FNDA:7,(anonymous_2)
FNDA:5,(anonymous_3)
FNDA:5,(anonymous_4)
FNDA:36,(anonymous_5)
FNDA:4,(anonymous_6)
FNDA:4,(anonymous_7)
DA:1,2
DA:2,2
DA:3,2
DA:18,2
DA:19,46
DA:21,46
DA:22,11
DA:25,35
DA:38,2
DA:39,34
DA:41,34
DA:43,34
DA:44,6
DA:48,28
DA:51,23
DA:53,23
DA:54,4
DA:58,19
DA:59,2
DA:63,17
DA:64,17
DA:66,17
DA:69,17
DA:70,2
DA:73,15
DA:74,3
DA:77,12
DA:78,0
DA:82,12
DA:83,12
DA:87,0
DA:99,2
DA:100,7
DA:101,7
DA:103,7
DA:105,2
DA:108,5
DA:109,4
DA:111,4
DA:112,2
DA:113,2
DA:119,1
DA:120,1
DA:124,5
DA:134,2
DA:135,5
DA:136,5
DA:137,1
DA:142,4
DA:143,0
DA:146,4
DA:157,2
DA:158,36
DA:159,1
DA:162,35
DA:169,35
DA:175,35
DA:184,2
DA:185,4
DA:186,4
DA:188,0
DA:198,2
DA:199,4
DA:200,1
DA:203,3
DA:206,2
LF:66
LH:62
BRDA:21,0,0,11
BRDA:21,0,1,35
BRDA:21,1,0,46
BRDA:21,1,1,37
BRDA:43,2,0,6
BRDA:43,2,1,28
BRDA:53,3,0,4
BRDA:53,3,1,19
BRDA:58,4,0,2
BRDA:58,4,1,17
BRDA:69,5,0,2
BRDA:69,5,1,15
BRDA:73,6,0,3
BRDA:73,6,1,12
BRDA:77,7,0,0
BRDA:77,7,1,12
BRDA:82,8,0,12
BRDA:82,8,1,0
BRDA:103,9,0,2
BRDA:103,9,1,5
BRDA:111,10,0,2
BRDA:111,10,1,2
BRDA:111,11,0,4
BRDA:111,11,1,3
BRDA:119,12,0,1
BRDA:119,12,1,0
BRDA:136,13,0,1
BRDA:136,13,1,4
BRDA:142,14,0,0
BRDA:142,14,1,4
BRDA:142,15,0,4
BRDA:142,15,1,2
BRDA:157,16,0,4
BRDA:158,17,0,1
BRDA:158,17,1,35
BRDA:170,18,0,35
BRDA:170,18,1,0
BRDA:199,19,0,1
BRDA:199,19,1,3
BRF:39
BRH:34
end_of_record
TN:
SF:middleware/error-handler.js
FN:21,(anonymous_0)
FN:37,(anonymous_1)
FN:67,(anonymous_2)
FN:99,(anonymous_3)
FN:102,(anonymous_4)
FN:146,(anonymous_5)
FN:164,(anonymous_6)
FN:200,(anonymous_7)
FN:200,(anonymous_8)
FNF:9
FNH:9
FNDA:64,(anonymous_0)
FNDA:52,(anonymous_1)
FNDA:52,(anonymous_2)
FNDA:52,(anonymous_3)
FNDA:2,(anonymous_4)
FNDA:3,(anonymous_5)
FNDA:27,(anonymous_6)
FNDA:6,(anonymous_7)
FNDA:6,(anonymous_8)
DA:11,1
DA:22,31
DA:23,31
DA:24,31
DA:25,31
DA:26,31
DA:37,1
DA:38,27
DA:40,27
DA:42,27
DA:48,27
DA:49,27
DA:53,27
DA:54,25
DA:57,27
DA:67,1
DA:68,27
DA:79,27
DA:80,27
DA:84,27
DA:85,4
DA:86,23
DA:87,23
DA:89,0
DA:99,1
DA:101,27
DA:102,2
DA:103,1
DA:107,26
DA:108,1
DA:112,25
DA:113,1
DA:114,1
DA:118,24
DA:119,1
DA:123,23
DA:124,1
DA:127,22
DA:128,1
DA:132,21
DA:133,1
DA:136,20
DA:146,1
DA:147,3
DA:152,3
DA:164,1
DA:165,27
DA:168,27
DA:171,27
DA:172,3
DA:180,27
DA:183,27
DA:184,27
DA:186,27
DA:200,6
DA:201,6
DA:204,1
LF:57
LH:56
BRDA:21,0,0,3
BRDA:21,1,0,3
BRDA:38,2,0,27
BRDA:38,2,1,1
BRDA:40,3,0,1
BRDA:40,3,1,26
BRDA:40,4,0,27
BRDA:40,4,1,26
BRDA:44,5,0,27
BRDA:44,5,1,0
BRDA:48,6,0,27
BRDA:48,6,1,0
BRDA:53,7,0,25
BRDA:53,7,1,2
BRDA:53,8,0,27
BRDA:53,8,1,25
BRDA:70,9,0,27
BRDA:70,9,1,0
BRDA:71,10,0,27
BRDA:71,10,1,0
BRDA:75,11,0,27
BRDA:75,11,1,0
BRDA:79,12,0,27
BRDA:79,12,1,0
BRDA:84,13,0,4
BRDA:84,13,1,23
BRDA:86,14,0,23
BRDA:86,14,1,0
BRDA:101,15,0,1
BRDA:101,15,1,26
BRDA:107,16,0,1
BRDA:107,16,1,25
BRDA:112,17,0,1
BRDA:112,17,1,24
BRDA:118,18,0,1
BRDA:118,18,1,23
BRDA:123,19,0,1
BRDA:123,19,1,22
BRDA:127,20,0,1
BRDA:127,20,1,21
BRDA:132,21,0,1
BRDA:132,21,1,20
BRDA:171,22,0,3
BRDA:171,22,1,24
BRDA:171,23,0,27
BRDA:171,23,1,3
BRDA:183,24,0,27
BRDA:183,24,1,0
BRF:48
BRH:40
end_of_record
TN:
SF:utils/logger.js
FN:40,(anonymous_0)
FN:45,(anonymous_1)
FN:50,(anonymous_2)
FN:99,(anonymous_3)
FN:116,(anonymous_4)
FN:136,(anonymous_5)
FN:141,(anonymous_6)
FN:174,(anonymous_7)
FN:190,(anonymous_8)
FN:205,(anonymous_9)
FN:226,(anonymous_10)
FNF:11
FNH:11
FNDA:27,(anonymous_0)
FNDA:216,(anonymous_1)
FNDA:216,(anonymous_2)
FNDA:15,(anonymous_3)
FNDA:10,(anonymous_4)
FNDA:20,(anonymous_5)
FNDA:20,(anonymous_6)
FNDA:5,(anonymous_7)
FNDA:3,(anonymous_8)
FNDA:7,(anonymous_9)
FNDA:5,(anonymous_10)
DA:10,2
DA:11,2
DA:12,2
DA:13,2
DA:24,2
DA:36,2
DA:41,27
DA:42,27
DA:45,27
DA:46,216
DA:49,27
DA:50,216
DA:51,27
DA:54,27
DA:64,2
DA:78,2
DA:99,2
DA:100,15
DA:116,2
DA:118,10
DA:121,10
DA:123,10
DA:136,2
DA:137,20
DA:138,20
DA:141,20
DA:142,20
DA:143,20
DA:154,20
DA:155,3
DA:156,17
DA:157,3
DA:159,14
DA:163,20
DA:174,2
DA:175,5
DA:190,2
DA:191,3
DA:205,2
DA:206,7
DA:207,2
DA:211,5
DA:226,2
DA:227,5
DA:233,2
LF:45
LH:45
BRDA:41,0,0,0
BRDA:41,0,1,27
BRDA:46,1,0,216
BRDA:46,1,1,216
BRDA:46,1,2,216
BRDA:49,2,0,27
BRDA:49,2,1,0
BRDA:79,3,0,0
BRDA:79,3,1,2
BRDA:82,4,0,2
BRDA:82,4,1,0
BRDA:118,5,0,10
BRDA:118,5,1,7
BRDA:149,6,0,20
BRDA:149,6,1,1
BRDA:154,7,0,3
BRDA:154,7,1,17
BRDA:156,8,0,3
BRDA:156,8,1,14
BRDA:178,9,0,5
BRDA:178,9,1,1
BRDA:205,10,0,3
BRDA:206,11,0,2
BRDA:206,11,1,5
BRDA:212,12,0,3
BRDA:212,12,1,2
BRF:26
BRH:22
FNDA:52,(anonymous_6)
FNDA:11,(anonymous_7)
FNDA:50,(anonymous_8)
DA:20,64
DA:21,64
DA:22,64
DA:23,64
DA:24,64
DA:35,3
DA:36,52
DA:38,52
DA:40,52
DA:46,52
DA:47,52
DA:51,52
DA:52,50
DA:55,52
DA:65,3
DA:66,52
DA:75,52
DA:76,50
DA:80,52
DA:89,3
DA:91,52
DA:92,2
DA:93,1
DA:97,51
DA:98,1
DA:102,50
DA:103,2
DA:104,2
DA:108,48
DA:109,1
DA:113,47
DA:114,1
DA:117,46
DA:118,1
DA:122,45
DA:123,1
DA:126,44
DA:136,3
DA:137,3
DA:142,3
DA:154,3
DA:155,52
DA:158,52
DA:161,52
DA:162,3
DA:170,52
DA:173,52
DA:174,52
DA:176,52
DA:190,11
DA:191,50
DA:194,3
LF:52
LH:52
BRDA:19,0,0,3
BRDA:19,1,0,3
BRDA:36,2,0,52
BRDA:36,2,1,1
BRDA:38,3,0,1
BRDA:38,3,1,51
BRDA:38,4,0,52
BRDA:38,4,1,51
BRDA:42,5,0,52
BRDA:42,5,1,0
BRDA:46,6,0,52
BRDA:46,6,1,0
BRDA:51,7,0,50
BRDA:51,7,1,2
BRDA:51,8,0,52
BRDA:51,8,1,50
BRDA:69,9,0,52
BRDA:69,9,1,0
BRDA:70,10,0,52
BRDA:70,10,1,0
BRDA:75,11,0,50
BRDA:75,11,1,2
BRDA:75,12,0,52
BRDA:75,12,1,50
BRDA:91,13,0,1
BRDA:91,13,1,51
BRDA:97,14,0,1
BRDA:97,14,1,50
BRDA:102,15,0,2
BRDA:102,15,1,48
BRDA:108,16,0,1
BRDA:108,16,1,47
BRDA:113,17,0,1
BRDA:113,17,1,46
BRDA:117,18,0,1
BRDA:117,18,1,45
BRDA:122,19,0,1
BRDA:122,19,1,44
BRDA:161,20,0,3
BRDA:161,20,1,49
BRDA:161,21,0,52
BRDA:161,21,1,3
BRDA:173,22,0,52
BRDA:173,22,1,0
BRF:44
BRH:39
end_of_record
TN:
SF:models/User.js
FN:21,(anonymous_0)
FN:73,(anonymous_1)
FN:81,(anonymous_2)
FN:90,(anonymous_3)
FNF:4
FNH:4
FNDA:108,(anonymous_0)
FNDA:53,(anonymous_1)
FNDA:5,(anonymous_2)
FNDA:29,(anonymous_3)
DA:1,2
DA:10,2
DA:24,108
DA:66,2
DA:73,2
DA:74,53
DA:81,2
DA:82,5
DA:83,5
DA:90,2
DA:91,29
DA:94,2
LF:12
LH:12
BRF:0
BRH:0
end_of_record
TN:
SF:routes/auth-routes.js
FN:28,(anonymous_0)
FN:102,(anonymous_1)
FN:180,(anonymous_2)
FN:206,(anonymous_3)
FN:231,(anonymous_4)
FNF:5
FNH:5
FNDA:20,(anonymous_0)
FNDA:10,(anonymous_1)
FNDA:6,(anonymous_2)
FNDA:2,(anonymous_3)
FNDA:6,(anonymous_4)
DA:1,1
DA:2,1
DA:3,1
DA:4,1
DA:5,1
DA:7,1
DA:28,1
DA:29,20
DA:32,20
DA:33,2
DA:37,18
DA:38,2
DA:46,16
DA:49,16
DA:50,16
DA:51,1
DA:55,15
DA:56,2
DA:60,13
DA:65,13
DA:68,12
DA:71,12
DA:102,1
DA:103,10
DA:106,10
DA:107,1
DA:111,9
DA:112,1
DA:119,8
DA:122,8
DA:124,8
DA:125,1
DA:129,7
DA:130,2
DA:139,5
DA:145,1
DA:149,5
DA:152,5
DA:154,5
DA:180,1
DA:181,6
DA:206,1
DA:208,2
DA:210,2
DA:231,1
DA:232,6
DA:235,6
DA:236,5
DA:237,2
DA:239,3
DA:242,4
DA:244,4
DA:259,1
LF:53
LH:53
BRDA:32,0,0,2
BRDA:32,0,1,18
BRDA:37,1,0,2
BRDA:37,1,1,16
BRDA:50,2,0,1
BRDA:50,2,1,15
BRDA:55,3,0,2
BRDA:55,3,1,13
BRDA:55,4,0,15
BRDA:55,4,1,14
BRDA:55,4,2,13
BRDA:62,5,0,12
BRDA:62,5,1,1
BRDA:82,6,0,12
BRDA:82,6,1,0
BRDA:106,7,0,1
BRDA:106,7,1,9
BRDA:111,8,0,1
BRDA:111,8,1,8
BRDA:124,9,0,1
BRDA:124,9,1,7
BRDA:129,10,0,2
BRDA:129,10,1,5
BRDA:139,11,0,1
BRDA:139,11,1,4
BRDA:139,12,0,5
BRDA:139,12,1,1
BRDA:165,13,0,5
BRDA:165,13,1,0
BRDA:215,14,0,2
BRDA:215,14,1,0
BRDA:235,15,0,5
BRDA:235,15,1,1
BRDA:236,16,0,2
BRDA:236,16,1,3
BRDA:236,17,0,5
BRDA:236,17,1,4
BRF:37
BRH:34
end_of_record
